2025/09/05 07:28:29 [error] 7#7: *1 open() "/usr/local/openresty/nginx/html/.well-known/appspecific/com.chrome.devtools.json" failed (2: No such file or directory), client: 172.17.0.1, server: _, request: "GET /.well-known/appspecific/com.chrome.devtools.json HTTP/1.1", host: "localhost:18080"
2025/09/05 07:30:51 [error] 7#7: *4 lua entry thread aborted: runtime error: /usr/local/openresty/nginx/conf/lua/env_guard.lua:4: module 'resty.cookie' not found:
	no field package.preload['resty.cookie']
	no file '/usr/local/openresty/lualib/resty/cookie.lua'
	no file '/usr/local/openresty/nginx/conf/lua/resty/cookie.lua'
	no file '/usr/local/openresty/site/lualib/resty/cookie.ljbc'
	no file '/usr/local/openresty/site/lualib/resty/cookie/init.ljbc'
	no file '/usr/local/openresty/lualib/resty/cookie.ljbc'
	no file '/usr/local/openresty/lualib/resty/cookie/init.ljbc'
	no file '/usr/local/openresty/site/lualib/resty/cookie.lua'
	no file '/usr/local/openresty/site/lualib/resty/cookie/init.lua'
	no file '/usr/local/openresty/lualib/resty/cookie.lua'
	no file '/usr/local/openresty/lualib/resty/cookie/init.lua'
	no file '/usr/local/openresty/site/lualib/resty/cookie.ljbc'
	no file '/usr/local/openresty/site/lualib/resty/cookie/init.ljbc'
	no file '/usr/local/openresty/lualib/resty/cookie.ljbc'
	no file '/usr/local/openresty/lualib/resty/cookie/init.ljbc'
	no file '/usr/local/openresty/site/lualib/resty/cookie.lua'
	no file '/usr/local/openresty/site/lualib/resty/cookie/init.lua'
	no file '/usr/local/openresty/lualib/resty/cookie.lua'
	no file '/usr/local/openresty/lualib/resty/cookie/init.lua'
	no file './resty/cookie.lua'
	no file '/usr/local/openresty/luajit/share/luajit-2.1/resty/cookie.lua'
	no file '/usr/local/share/lua/5.1/resty/cookie.lua'
	no file '/usr/local/share/lua/5.1/resty/cookie/init.lua'
	no file '/usr/local/openresty/luajit/share/lua/5.1/resty/cookie.lua'
	no file '/usr/local/openresty/luajit/share/lua/5.1/resty/cookie/init.lua'
	no file '/usr/local/openresty/site/lualib/resty/cookie.so'
	no file '/usr/local/openresty/lualib/resty/cookie.so'
	no file '/usr/local/openresty/site/lualib/resty/cookie.so'
	no file '/usr/local/openresty/lualib/resty/cookie.so'
	no file './resty/cookie.so'
	no file '/usr/local/lib/lua/5.1/resty/cookie.so'
	no file '/usr/local/openresty/luajit/lib/lua/5.1/resty/cookie.so'
	no file '/usr/local/lib/lua/5.1/loadall.so'
	no file '/usr/local/openresty/luajit/lib/lua/5.1/resty/cookie.so'
	no file '/usr/local/openresty/site/lualib/resty.so'
	no file '/usr/local/openresty/lualib/resty.so'
	no file '/usr/local/openresty/site/lualib/resty.so'
	no file '/usr/local/openresty/lualib/resty.so'
	no file './resty.so'
	no file '/usr/local/lib/lua/5.1/resty.so'
	no file '/usr/local/openresty/luajit/lib/lua/5.1/resty.so'
	no file '/usr/local/lib/lua/5.1/loadall.so'
	no file '/usr/local/openresty/luajit/lib/lua/5.1/resty.so'
stack traceback:
coroutine 0:
	[C]: in function 'require'
	/usr/local/openresty/nginx/conf/lua/env_guard.lua:4: in main chunk, client: 172.17.0.1, server: _, request: "GET /api/auth/hello HTTP/1.1", host: "localhost:18080", referrer: "http://localhost:18080/gray/"
2025/09/05 07:31:02 [error] 7#7: *5 lua entry thread aborted: runtime error: /usr/local/openresty/nginx/conf/lua/env_guard.lua:4: module 'resty.cookie' not found:
	no field package.preload['resty.cookie']
	no file '/usr/local/openresty/lualib/resty/cookie.lua'
	no file '/usr/local/openresty/nginx/conf/lua/resty/cookie.lua'
	no file '/usr/local/openresty/site/lualib/resty/cookie.ljbc'
	no file '/usr/local/openresty/site/lualib/resty/cookie/init.ljbc'
	no file '/usr/local/openresty/lualib/resty/cookie.ljbc'
	no file '/usr/local/openresty/lualib/resty/cookie/init.ljbc'
	no file '/usr/local/openresty/site/lualib/resty/cookie.lua'
	no file '/usr/local/openresty/site/lualib/resty/cookie/init.lua'
	no file '/usr/local/openresty/lualib/resty/cookie.lua'
	no file '/usr/local/openresty/lualib/resty/cookie/init.lua'
	no file '/usr/local/openresty/site/lualib/resty/cookie.ljbc'
	no file '/usr/local/openresty/site/lualib/resty/cookie/init.ljbc'
	no file '/usr/local/openresty/lualib/resty/cookie.ljbc'
	no file '/usr/local/openresty/lualib/resty/cookie/init.ljbc'
	no file '/usr/local/openresty/site/lualib/resty/cookie.lua'
	no file '/usr/local/openresty/site/lualib/resty/cookie/init.lua'
	no file '/usr/local/openresty/lualib/resty/cookie.lua'
	no file '/usr/local/openresty/lualib/resty/cookie/init.lua'
	no file './resty/cookie.lua'
	no file '/usr/local/openresty/luajit/share/luajit-2.1/resty/cookie.lua'
	no file '/usr/local/share/lua/5.1/resty/cookie.lua'
	no file '/usr/local/share/lua/5.1/resty/cookie/init.lua'
	no file '/usr/local/openresty/luajit/share/lua/5.1/resty/cookie.lua'
	no file '/usr/local/openresty/luajit/share/lua/5.1/resty/cookie/init.lua'
	no file '/usr/local/openresty/site/lualib/resty/cookie.so'
	no file '/usr/local/openresty/lualib/resty/cookie.so'
	no file '/usr/local/openresty/site/lualib/resty/cookie.so'
	no file '/usr/local/openresty/lualib/resty/cookie.so'
	no file './resty/cookie.so'
	no file '/usr/local/lib/lua/5.1/resty/cookie.so'
	no file '/usr/local/openresty/luajit/lib/lua/5.1/resty/cookie.so'
	no file '/usr/local/lib/lua/5.1/loadall.so'
	no file '/usr/local/openresty/luajit/lib/lua/5.1/resty/cookie.so'
	no file '/usr/local/openresty/site/lualib/resty.so'
	no file '/usr/local/openresty/lualib/resty.so'
	no file '/usr/local/openresty/site/lualib/resty.so'
	no file '/usr/local/openresty/lualib/resty.so'
	no file './resty.so'
	no file '/usr/local/lib/lua/5.1/resty.so'
	no file '/usr/local/openresty/luajit/lib/lua/5.1/resty.so'
	no file '/usr/local/lib/lua/5.1/loadall.so'
	no file '/usr/local/openresty/luajit/lib/lua/5.1/resty.so'
stack traceback:
coroutine 0:
	[C]: in function 'require'
	/usr/local/openresty/nginx/conf/lua/env_guard.lua:4: in main chunk, client: 172.17.0.1, server: _, request: "GET /api/auth/hello HTTP/1.1", host: "localhost:18080", referrer: "http://localhost:18080/gray/"
2025/09/05 07:31:43 [error] 7#7: *6 lua entry thread aborted: runtime error: /usr/local/openresty/nginx/conf/lua/env_guard.lua:4: module 'resty.cookie' not found:
	no field package.preload['resty.cookie']
	no file '/usr/local/openresty/lualib/resty/cookie.lua'
	no file '/usr/local/openresty/nginx/conf/lua/resty/cookie.lua'
	no file '/usr/local/openresty/site/lualib/resty/cookie.ljbc'
	no file '/usr/local/openresty/site/lualib/resty/cookie/init.ljbc'
	no file '/usr/local/openresty/lualib/resty/cookie.ljbc'
	no file '/usr/local/openresty/lualib/resty/cookie/init.ljbc'
	no file '/usr/local/openresty/site/lualib/resty/cookie.lua'
	no file '/usr/local/openresty/site/lualib/resty/cookie/init.lua'
	no file '/usr/local/openresty/lualib/resty/cookie.lua'
	no file '/usr/local/openresty/lualib/resty/cookie/init.lua'
	no file '/usr/local/openresty/site/lualib/resty/cookie.ljbc'
	no file '/usr/local/openresty/site/lualib/resty/cookie/init.ljbc'
	no file '/usr/local/openresty/lualib/resty/cookie.ljbc'
	no file '/usr/local/openresty/lualib/resty/cookie/init.ljbc'
	no file '/usr/local/openresty/site/lualib/resty/cookie.lua'
	no file '/usr/local/openresty/site/lualib/resty/cookie/init.lua'
	no file '/usr/local/openresty/lualib/resty/cookie.lua'
	no file '/usr/local/openresty/lualib/resty/cookie/init.lua'
	no file './resty/cookie.lua'
	no file '/usr/local/openresty/luajit/share/luajit-2.1/resty/cookie.lua'
	no file '/usr/local/share/lua/5.1/resty/cookie.lua'
	no file '/usr/local/share/lua/5.1/resty/cookie/init.lua'
	no file '/usr/local/openresty/luajit/share/lua/5.1/resty/cookie.lua'
	no file '/usr/local/openresty/luajit/share/lua/5.1/resty/cookie/init.lua'
	no file '/usr/local/openresty/site/lualib/resty/cookie.so'
	no file '/usr/local/openresty/lualib/resty/cookie.so'
	no file '/usr/local/openresty/site/lualib/resty/cookie.so'
	no file '/usr/local/openresty/lualib/resty/cookie.so'
	no file './resty/cookie.so'
	no file '/usr/local/lib/lua/5.1/resty/cookie.so'
	no file '/usr/local/openresty/luajit/lib/lua/5.1/resty/cookie.so'
	no file '/usr/local/lib/lua/5.1/loadall.so'
	no file '/usr/local/openresty/luajit/lib/lua/5.1/resty/cookie.so'
	no file '/usr/local/openresty/site/lualib/resty.so'
	no file '/usr/local/openresty/lualib/resty.so'
	no file '/usr/local/openresty/site/lualib/resty.so'
	no file '/usr/local/openresty/lualib/resty.so'
	no file './resty.so'
	no file '/usr/local/lib/lua/5.1/resty.so'
	no file '/usr/local/openresty/luajit/lib/lua/5.1/resty.so'
	no file '/usr/local/lib/lua/5.1/loadall.so'
	no file '/usr/local/openresty/luajit/lib/lua/5.1/resty.so'
stack traceback:
coroutine 0:
	[C]: in function 'require'
	/usr/local/openresty/nginx/conf/lua/env_guard.lua:4: in main chunk, client: 172.17.0.1, server: _, request: "GET /api/auth/hello?__force_env=prd HTTP/1.1", host: "localhost:18080"
2025/09/05 07:31:47 [error] 7#7: *8 lua entry thread aborted: runtime error: /usr/local/openresty/nginx/conf/lua/env_guard.lua:4: module 'resty.cookie' not found:
	no field package.preload['resty.cookie']
	no file '/usr/local/openresty/lualib/resty/cookie.lua'
	no file '/usr/local/openresty/nginx/conf/lua/resty/cookie.lua'
	no file '/usr/local/openresty/site/lualib/resty/cookie.ljbc'
	no file '/usr/local/openresty/site/lualib/resty/cookie/init.ljbc'
	no file '/usr/local/openresty/lualib/resty/cookie.ljbc'
	no file '/usr/local/openresty/lualib/resty/cookie/init.ljbc'
	no file '/usr/local/openresty/site/lualib/resty/cookie.lua'
	no file '/usr/local/openresty/site/lualib/resty/cookie/init.lua'
	no file '/usr/local/openresty/lualib/resty/cookie.lua'
	no file '/usr/local/openresty/lualib/resty/cookie/init.lua'
	no file '/usr/local/openresty/site/lualib/resty/cookie.ljbc'
	no file '/usr/local/openresty/site/lualib/resty/cookie/init.ljbc'
	no file '/usr/local/openresty/lualib/resty/cookie.ljbc'
	no file '/usr/local/openresty/lualib/resty/cookie/init.ljbc'
	no file '/usr/local/openresty/site/lualib/resty/cookie.lua'
	no file '/usr/local/openresty/site/lualib/resty/cookie/init.lua'
	no file '/usr/local/openresty/lualib/resty/cookie.lua'
	no file '/usr/local/openresty/lualib/resty/cookie/init.lua'
	no file './resty/cookie.lua'
	no file '/usr/local/openresty/luajit/share/luajit-2.1/resty/cookie.lua'
	no file '/usr/local/share/lua/5.1/resty/cookie.lua'
	no file '/usr/local/share/lua/5.1/resty/cookie/init.lua'
	no file '/usr/local/openresty/luajit/share/lua/5.1/resty/cookie.lua'
	no file '/usr/local/openresty/luajit/share/lua/5.1/resty/cookie/init.lua'
	no file '/usr/local/openresty/site/lualib/resty/cookie.so'
	no file '/usr/local/openresty/lualib/resty/cookie.so'
	no file '/usr/local/openresty/site/lualib/resty/cookie.so'
	no file '/usr/local/openresty/lualib/resty/cookie.so'
	no file './resty/cookie.so'
	no file '/usr/local/lib/lua/5.1/resty/cookie.so'
	no file '/usr/local/openresty/luajit/lib/lua/5.1/resty/cookie.so'
	no file '/usr/local/lib/lua/5.1/loadall.so'
	no file '/usr/local/openresty/luajit/lib/lua/5.1/resty/cookie.so'
	no file '/usr/local/openresty/site/lualib/resty.so'
	no file '/usr/local/openresty/lualib/resty.so'
	no file '/usr/local/openresty/site/lualib/resty.so'
	no file '/usr/local/openresty/lualib/resty.so'
	no file './resty.so'
	no file '/usr/local/lib/lua/5.1/resty.so'
	no file '/usr/local/openresty/luajit/lib/lua/5.1/resty.so'
	no file '/usr/local/lib/lua/5.1/loadall.so'
	no file '/usr/local/openresty/luajit/lib/lua/5.1/resty.so'
stack traceback:
coroutine 0:
	[C]: in function 'require'
	/usr/local/openresty/nginx/conf/lua/env_guard.lua:4: in main chunk, client: 172.17.0.1, server: _, request: "GET /api/auth/hello?__force_env=prd HTTP/1.1", host: "localhost:18080"
2025/09/05 07:31:50 [error] 7#7: *9 open() "/usr/local/openresty/nginx/html/.well-known/appspecific/com.chrome.devtools.json" failed (2: No such file or directory), client: 172.17.0.1, server: _, request: "GET /.well-known/appspecific/com.chrome.devtools.json HTTP/1.1", host: "localhost:18080"
